::1 - - [18/Nov/2020:14:38:40 +0000] "GET /api/v1/categories HTTP/1.1" 304 - "-" "Mozilla/5.0 (Windows NT 10.0; Win64; x64) AppleWebKit/537.36 (KHTML, like Gecko) Chrome/86.0.4240.198 Safari/537.36"
::1 - - [18/Nov/2020:14:40:41 +0000] "GET /api/v1/categories HTTP/1.1" 304 - "-" "Mozilla/5.0 (Windows NT 10.0; Win64; x64) AppleWebKit/537.36 (KHTML, like Gecko) Chrome/86.0.4240.198 Safari/537.36"
::1 - - [18/Nov/2020:14:56:52 +0000] "GET /api/v1/categories HTTP/1.1" 200 104 "-" "PostmanRuntime/7.26.5"
::1 - - [18/Nov/2020:14:58:41 +0000] "GET /api/v1/categories/12 HTTP/1.1" 200 90 "-" "PostmanRuntime/7.26.5"
::1 - - [18/Nov/2020:14:59:48 +0000] "POST /api/v1/category HTTP/1.1" 404 155 "-" "PostmanRuntime/7.26.5"
::1 - - [18/Nov/2020:15:01:09 +0000] "POST /api/v1/categories HTTP/1.1" 200 68 "-" "PostmanRuntime/7.26.5"
::1 - - [18/Nov/2020:15:01:45 +0000] "PUT /api/v1/categories/12 HTTP/1.1" 200 77 "-" "PostmanRuntime/7.26.5"
::1 - - [18/Nov/2020:15:02:23 +0000] "POST /api/v1/categories HTTP/1.1" 200 68 "-" "PostmanRuntime/7.26.5"
::1 - - [18/Nov/2020:15:02:27 +0000] "PUT /api/v1/categories/12 HTTP/1.1" 200 77 "-" "PostmanRuntime/7.26.5"
::1 - - [18/Nov/2020:15:07:14 +0000] "DELETE /api/v1/categories/12 HTTP/1.1" 200 75 "-" "PostmanRuntime/7.26.5"
::1 - - [22/Nov/2020:06:27:06 +0000] "POST /api/v1/categories HTTP/1.1" 200 68 "-" "PostmanRuntime/7.26.5"
::1 - - [22/Nov/2020:06:33:19 +0000] "POST /api/v1/categories HTTP/1.1" 200 68 "-" "PostmanRuntime/7.26.5"
::1 - - [22/Nov/2020:06:41:31 +0000] "POST /api/v1/categories HTTP/1.1" 400 527 "-" "PostmanRuntime/7.26.5"
::1 - - [22/Nov/2020:06:45:06 +0000] "POST /api/v1/categories HTTP/1.1" 200 268 "-" "PostmanRuntime/7.26.5"
::1 - - [22/Nov/2020:06:45:32 +0000] "POST /api/v1/categories HTTP/1.1" 400 151 "-" "PostmanRuntime/7.26.5"
::1 - - [22/Nov/2020:07:05:28 +0000] "POST /api/v1/categories HTTP/1.1" 200 290 "-" "PostmanRuntime/7.26.5"
::1 - - [22/Nov/2020:07:28:18 +0000] "GET /api/v1/categories HTTP/1.1" 200 537 "-" "PostmanRuntime/7.26.5"
::1 - - [22/Nov/2020:07:32:28 +0000] "GET /api/v1/categories/12 HTTP/1.1" 400 105 "-" "PostmanRuntime/7.26.5"
::ffff:127.0.0.1 - - [22/Nov/2020:07:33:32 +0000] "GET /api/v1/categories/12 HTTP/1.1" 400 106 "-" "PostmanRuntime/7.26.5"
::1 - - [22/Nov/2020:07:44:30 +0000] "DELETE /api/v1/categories/12 HTTP/1.1" 400 106 "-" "PostmanRuntime/7.26.5"
::1 - - [22/Nov/2020:07:45:23 +0000] "DELETE /api/v1/categories/5fba0db71e3d9b2744c7fd19 HTTP/1.1" 200 290 "-" "PostmanRuntime/7.26.5"
::1 - - [22/Nov/2020:07:46:21 +0000] "DELETE /api/v1/categories/5fba0db71e3d9b2744c7fd193 HTTP/1.1" 400 152 "-" "PostmanRuntime/7.26.5"
::1 - - [22/Nov/2020:07:50:36 +0000] "PUT /api/v1/categories/12 HTTP/1.1" 400 106 "-" "PostmanRuntime/7.26.5"
::1 - - [22/Nov/2020:07:51:09 +0000] "PUT /api/v1/categories/5fba08f2dc6ef90a248726af HTTP/1.1" 200 272 "-" "PostmanRuntime/7.26.5"
::1 - - [22/Nov/2020:07:51:55 +0000] "PUT /api/v1/categories/5fba08f2dc6ef90a248726af HTTP/1.1" 200 270 "-" "PostmanRuntime/7.26.5"
::1 - - [22/Nov/2020:07:52:02 +0000] "GET /api/v1/categories HTTP/1.1" 200 272 "-" "PostmanRuntime/7.26.5"
::1 - - [22/Nov/2020:07:52:23 +0000] "GET /api/v1/categories/5fba08f2dc6ef90a248726af HTTP/1.1" 200 270 "-" "PostmanRuntime/7.26.5"
::1 - - [22/Nov/2020:07:55:19 +0000] "POST /api/v1/categories HTTP/1.1" 200 255 "-" "PostmanRuntime/7.26.5"
::1 - - [22/Nov/2020:07:56:13 +0000] "GET /api/v1/categories HTTP/1.1" 200 504 "-" "PostmanRuntime/7.26.5"
::1 - - [22/Nov/2020:07:57:39 +0000] "PUT /api/v1/categories/5fba08f2dc6ef90a248726afa HTTP/1.1" 400 152 "-" "PostmanRuntime/7.26.5"
::1 - - [22/Nov/2020:07:57:49 +0000] "PUT /api/v1/categories/5fba08f2dc6ef90a248726af HTTP/1.1" 200 270 "-" "PostmanRuntime/7.26.5"
::1 - - [22/Nov/2020:08:03:01 +0000] "PUT /api/v1/categories/5fba08f2dc6ef90a248726af HTTP/1.1" 200 270 "-" "PostmanRuntime/7.26.5"
::1 - - [22/Nov/2020:08:03:12 +0000] "GET /api/v1/categories/5fba08f2dc6ef90a248726af HTTP/1.1" 200 270 "-" "PostmanRuntime/7.26.5"
::1 - - [22/Nov/2020:08:03:17 +0000] "GET /api/v1/categories/5fba08f2dc6ef90a248726afh HTTP/1.1" 400 152 "-" "PostmanRuntime/7.26.5"
::1 - - [22/Nov/2020:08:03:24 +0000] "GET /api/v1/categories/5fba08f2dc6ef90a248726afhsafsf HTTP/1.1" 400 162 "-" "PostmanRuntime/7.26.5"
::1 - - [22/Nov/2020:08:17:35 +0000] "GET /api/v1/categories/5fba08f2dc6ef90a248726afhsafsf HTTP/1.1" 400 162 "-" "PostmanRuntime/7.26.5"
::1 - - [23/Nov/2020:13:37:47 +0000] "GET /api/v1/categories/5fba08f2dc6ef90a248726afhsafsf HTTP/1.1" 500 135 "-" "PostmanRuntime/7.26.8"
::1 - - [23/Nov/2020:14:00:34 +0000] "GET /api/v1/categories/5fba08f2dc6ef90a248726afhsafsf HTTP/1.1" 500 135 "-" "PostmanRuntime/7.26.8"
::1 - - [23/Nov/2020:14:00:45 +0000] "GET /api/v1/categories/5fba08f2dc6ef90a248726afhsafsf HTTP/1.1" 500 135 "-" "PostmanRuntime/7.26.8"
::1 - - [23/Nov/2020:14:00:59 +0000] "GET /api/v1/categories/5fba08f2dc6ef90a248726af HTTP/1.1" 200 270 "-" "PostmanRuntime/7.26.8"
::1 - - [23/Nov/2020:14:01:04 +0000] "GET /api/v1/categories/5fba08f2dc6ef90a248726ab HTTP/1.1" 400 95 "-" "PostmanRuntime/7.26.8"
::1 - - [23/Nov/2020:14:06:29 +0000] "GET /api/v1/categories/5fba08f2dc6ef90a248726ab HTTP/1.1" 400 106 "-" "PostmanRuntime/7.26.8"
::1 - - [23/Nov/2020:14:12:36 +0000] "GET /api/v1/categories/5fba08f2dc6ef90a248726ab HTTP/1.1" 400 106 "-" "PostmanRuntime/7.26.8"
::1 - - [26/Nov/2020:13:26:41 +0000] "GET /api/v1/categories/5fba08f2dc6ef90a248726ab HTTP/1.1" 400 44 "-" "PostmanRuntime/7.26.8"
::1 - - [26/Nov/2020:13:27:38 +0000] "GET /api/v1/categories/5fba08f2dc6ef90a248726ab HTTP/1.1" 400 106 "-" "PostmanRuntime/7.26.8"
::1 - - [26/Nov/2020:13:27:51 +0000] "GET /api/v1/categories/5fba08f2dc6ef90a248726absd HTTP/1.1" 400 91 "-" "PostmanRuntime/7.26.8"
::1 - - [26/Nov/2020:13:28:46 +0000] "GET /api/v1/categories/5fba08f2dc6ef90a248726absd HTTP/1.1" 400 171 "-" "PostmanRuntime/7.26.8"
::1 - - [26/Nov/2020:13:31:15 +0000] "POST /api/v1/categories HTTP/1.1" 500 528 "-" "PostmanRuntime/7.26.8"
::1 - - [26/Nov/2020:13:36:13 +0000] "POST /api/v1/categories HTTP/1.1" 500 153 "-" "PostmanRuntime/7.26.8"
::1 - - [26/Nov/2020:13:37:03 +0000] "POST /api/v1/categories HTTP/1.1" 500 258 "-" "PostmanRuntime/7.26.8"
::1 - - [26/Nov/2020:13:42:51 +0000] "GET /api/v1/categories HTTP/1.1" 200 504 "-" "PostmanRuntime/7.26.8"
::1 - - [26/Nov/2020:14:06:06 +0000] "GET /api/v1/categories HTTP/1.1" 200 504 "-" "PostmanRuntime/7.26.8"
::1 - - [21/Mar/2021:04:36:05 +0000] "GET /api/v1/categories HTTP/1.1" 200 26 "-" "PostmanRuntime/7.26.8"
::1 - - [21/Mar/2021:04:36:16 +0000] "POST /api/v1/categories HTTP/1.1" 200 255 "-" "PostmanRuntime/7.26.8"
::1 - - [21/Mar/2021:04:36:21 +0000] "GET /api/v1/categories HTTP/1.1" 200 257 "-" "PostmanRuntime/7.26.8"
::1 - - [21/Mar/2021:08:47:32 +0000] "GET /api/v1/categories HTTP/1.1" 200 26 "-" "PostmanRuntime/7.26.8"
::1 - - [21/Mar/2021:08:47:41 +0000] "POST /api/v1/categories HTTP/1.1" 200 277 "-" "PostmanRuntime/7.26.8"
::1 - - [21/Mar/2021:08:48:15 +0000] "POST /api/v1/categories HTTP/1.1" 200 267 "-" "PostmanRuntime/7.26.8"
::1 - - [21/Mar/2021:08:48:20 +0000] "GET /api/v1/categories HTTP/1.1" 200 523 "-" "PostmanRuntime/7.26.8"
